[+] Containers:
 |- [+] Container: /Game/TopDown/Maps/GraveYardDungeon
 |   |- [+] ActorDescs:
 |   |   |- Guid:04499A234D1C1FD730CB98A65AAF4DB0 BaseClass: NativeClass:/Script/Engine.PlayerStart Name:PlayerStart_0 Label:PlayerStart SpatiallyLoaded:0 Bounds:IsValid=true, Min=(X=440.000 Y=-109.495 Z=65.013), Max=(X=520.000 Y=139.495 Z=249.013) RuntimeGrid:None EditorOnly:0 RuntimeOnly:0 HLODRelevant:0 ListedInSceneOutliner:1 IsMainWorldOnly:0
 |   |   |- Guid:1322F8DB4E477C80C4D626BA6F490944 BaseClass: NativeClass:/Script/Engine.PostProcessVolume Name:PostProcessVolume_1 Label:PostProcessVolume SpatiallyLoaded:0 Bounds:IsValid=true, Min=(X=0.000 Y=0.000 Z=400.000), Max=(X=200.000 Y=200.000 Z=600.000) RuntimeGrid:None EditorOnly:0 RuntimeOnly:0 HLODRelevant:0 ListedInSceneOutliner:1 IsMainWorldOnly:0 FolderPath:Lighting FolderGuid:4C9334684BA61B42C769F799D2576455
 |   |   |- Guid:2744374B45B95BC750039A9D398758A8 BaseClass: NativeClass:/Script/Engine.StaticMeshActor Name:StaticMeshActor_UAID_085BD682C9E9B22F02_1201464490 Label:LightPost_low2 SpatiallyLoaded:1 Bounds:IsValid=true, Min=(X=128.489 Y=-648.449 Z=-69.801), Max=(X=220.853 Y=-580.889 Z=483.913) RuntimeGrid:None EditorOnly:0 RuntimeOnly:0 HLODRelevant:1 ListedInSceneOutliner:1 IsMainWorldOnly:0
 |   |   |- Guid:2E570D2443B8DC49CCF594B1668A8CF0 BaseClass:/Game/TopDown/Procedural_Dungeon/Dungeon_Generator.Dungeon_Generator_C NativeClass:/Script/Engine.Actor Name:Dungeon_Generator_C_UAID_085BD682C9E90C2402_1948679623 Label:Dungeon_Generator SpatiallyLoaded:1 Bounds:IsValid=true, Min=(X=0.000 Y=0.000 Z=0.000), Max=(X=0.000 Y=0.000 Z=0.000) RuntimeGrid:None EditorOnly:0 RuntimeOnly:0 HLODRelevant:0 ListedInSceneOutliner:1 IsMainWorldOnly:0
 |   |   |- Guid:39A3367745E795265CB237B99C2B3AA0 BaseClass:/Game/TopDown/Blueprints/BP_ItemPickup.BP_ItemPickup_C NativeClass:/Script/Engine.Actor Name:BP_ItemPickup_C_UAID_085BD682C9E9092002_1580349873 Label:BP_ItemPickup SpatiallyLoaded:1 Bounds:IsValid=true, Min=(X=538.000 Y=-287.000 Z=65.131), Max=(X=602.000 Y=-223.000 Z=174.869) RuntimeGrid:None EditorOnly:0 RuntimeOnly:0 HLODRelevant:0 ListedInSceneOutliner:1 IsMainWorldOnly:0
 |   |   |- Guid:3D5FAE7E4748D4034A26998C2A792C25 BaseClass: NativeClass:/Script/Engine.StaticMeshActor Name:StaticMeshActor_UAID_085BD682C9E9B22F02_1310951493 Label:WallFence_low SpatiallyLoaded:1 Bounds:IsValid=true, Min=(X=10.270 Y=-166.236 Z=-5.593), Max=(X=98.118 Y=159.429 Z=211.111) RuntimeGrid:None EditorOnly:0 RuntimeOnly:0 HLODRelevant:1 ListedInSceneOutliner:1 IsMainWorldOnly:0
 |   |   |- Guid:3E024E6745BADC6AB2C9E39DBDC8FBC6 BaseClass: NativeClass:/Script/Engine.StaticMeshActor Name:StaticMeshActor_UAID_085BD682C9E9B22F02_1222693492 Label:LightPost_low4 SpatiallyLoaded:1 Bounds:IsValid=true, Min=(X=128.489 Y=576.551 Z=-69.801), Max=(X=220.853 Y=644.111 Z=483.913) RuntimeGrid:None EditorOnly:0 RuntimeOnly:0 HLODRelevant:1 ListedInSceneOutliner:1 IsMainWorldOnly:0
 |   |   |- Guid:43E8D556453840DBA91F87A6C645E808 BaseClass: NativeClass:/Script/Engine.StaticMeshActor Name:StaticMeshActor_UAID_085BD682C9E9B22F02_1130879489 Label:LightPost_low SpatiallyLoaded:1 Bounds:IsValid=true, Min=(X=798.489 Y=-648.449 Z=-69.801), Max=(X=890.853 Y=-580.889 Z=483.913) RuntimeGrid:None EditorOnly:0 RuntimeOnly:0 HLODRelevant:1 ListedInSceneOutliner:1 IsMainWorldOnly:0
 |   |   |- Guid:50BC373241FE3C0CACF6F197BFC664BD BaseClass: NativeClass:/Script/Engine.SkyLight Name:SkyLight_1 Label:SkyLight SpatiallyLoaded:0 Bounds:IsValid=true, Min=(X=0.000 Y=0.000 Z=690.000), Max=(X=0.000 Y=0.000 Z=690.000) RuntimeGrid:None EditorOnly:0 RuntimeOnly:0 HLODRelevant:0 ListedInSceneOutliner:1 IsMainWorldOnly:0 FolderPath:Lighting FolderGuid:4C9334684BA61B42C769F799D2576455
 |   |   |- Guid:517E2A264E9D934F89FA9A89F461A52D BaseClass: NativeClass:/Script/Engine.WorldDataLayers Name:WorldDataLayers Label:WorldDataLayers SpatiallyLoaded:0 Bounds:Invalid RuntimeGrid:None EditorOnly:0 RuntimeOnly:0 HLODRelevant:0 ListedInSceneOutliner:1 IsMainWorldOnly:1
 |   |   |- Guid:AE4436C747D09574A94F768E104B4FF3 BaseClass: NativeClass:/Script/Engine.TextRenderActor Name:TextRenderActor_0 Label:TextRenderActor SpatiallyLoaded:1 Bounds:IsValid=true, Min=(X=-0.100 Y=1100.000 Z=65.013), Max=(X=-0.100 Y=2225.000 Z=215.013) RuntimeGrid:None EditorOnly:0 RuntimeOnly:0 HLODRelevant:0 ListedInSceneOutliner:1 IsMainWorldOnly:0
 |   |   |- Guid:BB38043840C52A54E8EAE7BDBC9F7202 BaseClass:/Game/TopDown/Blueprints/RadioInteractStations.RadioInteractStations_C NativeClass:/Script/Engine.Actor Name:RadioInteractStations_C_UAID_085BD682C9E9B72F02_1873927383 Label:RadioInteractStations SpatiallyLoaded:1 Bounds:IsValid=true, Min=(X=739.522 Y=-484.338 Z=21.250), Max=(X=875.889 Y=-370.983 Z=205.098) RuntimeGrid:None EditorOnly:0 RuntimeOnly:0 HLODRelevant:0 ListedInSceneOutliner:1 IsMainWorldOnly:0
 |   |   |- Guid:C4F106384BC9B6ECB048F48D936D4F54 BaseClass: NativeClass:/Script/NavigationSystem.NavMeshBoundsVolume Name:NavMeshBoundsVolume_1 Label:NavMeshBoundsVolume SpatiallyLoaded:0 Bounds:IsValid=true, Min=(X=-570.000 Y=-1800.000 Z=-110.000), Max=(X=2630.000 Y=1900.000 Z=390.000) RuntimeGrid:None EditorOnly:0 RuntimeOnly:0 HLODRelevant:0 ListedInSceneOutliner:1 IsMainWorldOnly:0 FolderPath:Navigation FolderGuid:AE45D61F453CC144CF8289862C276E89
 |   |   |- Guid:C899466B4F154C034A7009BCE39980AD BaseClass: NativeClass:/Script/Engine.StaticMeshActor Name:StaticMeshActor_UAID_085BD682C9E9B22F02_1222688491 Label:LightPost_low3 SpatiallyLoaded:1 Bounds:IsValid=true, Min=(X=798.489 Y=576.551 Z=-69.801), Max=(X=890.853 Y=644.111 Z=483.913) RuntimeGrid:None EditorOnly:0 RuntimeOnly:0 HLODRelevant:1 ListedInSceneOutliner:1 IsMainWorldOnly:0
 |   |   |- Guid:EA29422C4663DE6C06B0C1A97A699EDB BaseClass: NativeClass:/Script/Engine.StaticMeshActor Name:StaticMeshActor_UAID_085BD682C9E9A72002_1675416679 Label:StaticMeshActor SpatiallyLoaded:1 Bounds:IsValid=true, Min=(X=890.000 Y=1610.000 Z=0.000), Max=(X=890.000 Y=1610.000 Z=0.000) RuntimeGrid:None EditorOnly:0 RuntimeOnly:0 HLODRelevant:0 ListedInSceneOutliner:1 IsMainWorldOnly:0
 |   |- [+] Clusters:
 |   |   |- [+] [  0]
 |   |   |   |- Guid:04499A234D1C1FD730CB98A65AAF4DB0 BaseClass: NativeClass:/Script/Engine.PlayerStart Name:PlayerStart_0 Label:PlayerStart SpatiallyLoaded:0 Bounds:IsValid=true, Min=(X=440.000 Y=-109.495 Z=65.013), Max=(X=520.000 Y=139.495 Z=249.013) RuntimeGrid:None EditorOnly:0 RuntimeOnly:0 HLODRelevant:0 ListedInSceneOutliner:1 IsMainWorldOnly:0
 |   |   |- [+] [  1]
 |   |   |   |- Guid:1322F8DB4E477C80C4D626BA6F490944 BaseClass: NativeClass:/Script/Engine.PostProcessVolume Name:PostProcessVolume_1 Label:PostProcessVolume SpatiallyLoaded:0 Bounds:IsValid=true, Min=(X=0.000 Y=0.000 Z=400.000), Max=(X=200.000 Y=200.000 Z=600.000) RuntimeGrid:None EditorOnly:0 RuntimeOnly:0 HLODRelevant:0 ListedInSceneOutliner:1 IsMainWorldOnly:0 FolderPath:Lighting FolderGuid:4C9334684BA61B42C769F799D2576455
 |   |   |- [+] [  2]
 |   |   |   |- Guid:2744374B45B95BC750039A9D398758A8 BaseClass: NativeClass:/Script/Engine.StaticMeshActor Name:StaticMeshActor_UAID_085BD682C9E9B22F02_1201464490 Label:LightPost_low2 SpatiallyLoaded:1 Bounds:IsValid=true, Min=(X=128.489 Y=-648.449 Z=-69.801), Max=(X=220.853 Y=-580.889 Z=483.913) RuntimeGrid:None EditorOnly:0 RuntimeOnly:0 HLODRelevant:1 ListedInSceneOutliner:1 IsMainWorldOnly:0
 |   |   |- [+] [  3]
 |   |   |   |- Guid:2E570D2443B8DC49CCF594B1668A8CF0 BaseClass:/Game/TopDown/Procedural_Dungeon/Dungeon_Generator.Dungeon_Generator_C NativeClass:/Script/Engine.Actor Name:Dungeon_Generator_C_UAID_085BD682C9E90C2402_1948679623 Label:Dungeon_Generator SpatiallyLoaded:1 Bounds:IsValid=true, Min=(X=0.000 Y=0.000 Z=0.000), Max=(X=0.000 Y=0.000 Z=0.000) RuntimeGrid:None EditorOnly:0 RuntimeOnly:0 HLODRelevant:0 ListedInSceneOutliner:1 IsMainWorldOnly:0
 |   |   |- [+] [  4]
 |   |   |   |- Guid:39A3367745E795265CB237B99C2B3AA0 BaseClass:/Game/TopDown/Blueprints/BP_ItemPickup.BP_ItemPickup_C NativeClass:/Script/Engine.Actor Name:BP_ItemPickup_C_UAID_085BD682C9E9092002_1580349873 Label:BP_ItemPickup SpatiallyLoaded:1 Bounds:IsValid=true, Min=(X=538.000 Y=-287.000 Z=65.131), Max=(X=602.000 Y=-223.000 Z=174.869) RuntimeGrid:None EditorOnly:0 RuntimeOnly:0 HLODRelevant:0 ListedInSceneOutliner:1 IsMainWorldOnly:0
 |   |   |- [+] [  5]
 |   |   |   |- Guid:3D5FAE7E4748D4034A26998C2A792C25 BaseClass: NativeClass:/Script/Engine.StaticMeshActor Name:StaticMeshActor_UAID_085BD682C9E9B22F02_1310951493 Label:WallFence_low SpatiallyLoaded:1 Bounds:IsValid=true, Min=(X=10.270 Y=-166.236 Z=-5.593), Max=(X=98.118 Y=159.429 Z=211.111) RuntimeGrid:None EditorOnly:0 RuntimeOnly:0 HLODRelevant:1 ListedInSceneOutliner:1 IsMainWorldOnly:0
 |   |   |- [+] [  6]
 |   |   |   |- Guid:3E024E6745BADC6AB2C9E39DBDC8FBC6 BaseClass: NativeClass:/Script/Engine.StaticMeshActor Name:StaticMeshActor_UAID_085BD682C9E9B22F02_1222693492 Label:LightPost_low4 SpatiallyLoaded:1 Bounds:IsValid=true, Min=(X=128.489 Y=576.551 Z=-69.801), Max=(X=220.853 Y=644.111 Z=483.913) RuntimeGrid:None EditorOnly:0 RuntimeOnly:0 HLODRelevant:1 ListedInSceneOutliner:1 IsMainWorldOnly:0
 |   |   |- [+] [  7]
 |   |   |   |- Guid:43E8D556453840DBA91F87A6C645E808 BaseClass: NativeClass:/Script/Engine.StaticMeshActor Name:StaticMeshActor_UAID_085BD682C9E9B22F02_1130879489 Label:LightPost_low SpatiallyLoaded:1 Bounds:IsValid=true, Min=(X=798.489 Y=-648.449 Z=-69.801), Max=(X=890.853 Y=-580.889 Z=483.913) RuntimeGrid:None EditorOnly:0 RuntimeOnly:0 HLODRelevant:1 ListedInSceneOutliner:1 IsMainWorldOnly:0
 |   |   |- [+] [  8]
 |   |   |   |- Guid:50BC373241FE3C0CACF6F197BFC664BD BaseClass: NativeClass:/Script/Engine.SkyLight Name:SkyLight_1 Label:SkyLight SpatiallyLoaded:0 Bounds:IsValid=true, Min=(X=0.000 Y=0.000 Z=690.000), Max=(X=0.000 Y=0.000 Z=690.000) RuntimeGrid:None EditorOnly:0 RuntimeOnly:0 HLODRelevant:0 ListedInSceneOutliner:1 IsMainWorldOnly:0 FolderPath:Lighting FolderGuid:4C9334684BA61B42C769F799D2576455
 |   |   |- [+] [  9]
 |   |   |   |- Guid:517E2A264E9D934F89FA9A89F461A52D BaseClass: NativeClass:/Script/Engine.WorldDataLayers Name:WorldDataLayers Label:WorldDataLayers SpatiallyLoaded:0 Bounds:Invalid RuntimeGrid:None EditorOnly:0 RuntimeOnly:0 HLODRelevant:0 ListedInSceneOutliner:1 IsMainWorldOnly:1
 |   |   |- [+] [ 10]
 |   |   |   |- Guid:AE4436C747D09574A94F768E104B4FF3 BaseClass: NativeClass:/Script/Engine.TextRenderActor Name:TextRenderActor_0 Label:TextRenderActor SpatiallyLoaded:1 Bounds:IsValid=true, Min=(X=-0.100 Y=1100.000 Z=65.013), Max=(X=-0.100 Y=2225.000 Z=215.013) RuntimeGrid:None EditorOnly:0 RuntimeOnly:0 HLODRelevant:0 ListedInSceneOutliner:1 IsMainWorldOnly:0
 |   |   |- [+] [ 11]
 |   |   |   |- Guid:BB38043840C52A54E8EAE7BDBC9F7202 BaseClass:/Game/TopDown/Blueprints/RadioInteractStations.RadioInteractStations_C NativeClass:/Script/Engine.Actor Name:RadioInteractStations_C_UAID_085BD682C9E9B72F02_1873927383 Label:RadioInteractStations SpatiallyLoaded:1 Bounds:IsValid=true, Min=(X=739.522 Y=-484.338 Z=21.250), Max=(X=875.889 Y=-370.983 Z=205.098) RuntimeGrid:None EditorOnly:0 RuntimeOnly:0 HLODRelevant:0 ListedInSceneOutliner:1 IsMainWorldOnly:0
 |   |   |- [+] [ 12]
 |   |   |   |- Guid:C4F106384BC9B6ECB048F48D936D4F54 BaseClass: NativeClass:/Script/NavigationSystem.NavMeshBoundsVolume Name:NavMeshBoundsVolume_1 Label:NavMeshBoundsVolume SpatiallyLoaded:0 Bounds:IsValid=true, Min=(X=-570.000 Y=-1800.000 Z=-110.000), Max=(X=2630.000 Y=1900.000 Z=390.000) RuntimeGrid:None EditorOnly:0 RuntimeOnly:0 HLODRelevant:0 ListedInSceneOutliner:1 IsMainWorldOnly:0 FolderPath:Navigation FolderGuid:AE45D61F453CC144CF8289862C276E89
 |   |   |- [+] [ 13]
 |   |   |   |- Guid:C899466B4F154C034A7009BCE39980AD BaseClass: NativeClass:/Script/Engine.StaticMeshActor Name:StaticMeshActor_UAID_085BD682C9E9B22F02_1222688491 Label:LightPost_low3 SpatiallyLoaded:1 Bounds:IsValid=true, Min=(X=798.489 Y=576.551 Z=-69.801), Max=(X=890.853 Y=644.111 Z=483.913) RuntimeGrid:None EditorOnly:0 RuntimeOnly:0 HLODRelevant:1 ListedInSceneOutliner:1 IsMainWorldOnly:0
 |   |   |- [+] [ 14]
 |   |   |   |- Guid:EA29422C4663DE6C06B0C1A97A699EDB BaseClass: NativeClass:/Script/Engine.StaticMeshActor Name:StaticMeshActor_UAID_085BD682C9E9A72002_1675416679 Label:StaticMeshActor SpatiallyLoaded:1 Bounds:IsValid=true, Min=(X=890.000 Y=1610.000 Z=0.000), Max=(X=890.000 Y=1610.000 Z=0.000) RuntimeGrid:None EditorOnly:0 RuntimeOnly:0 HLODRelevant:0 ListedInSceneOutliner:1 IsMainWorldOnly:0
 |- ContainerInstances:
 |- [+] MainContainer:
 |   |-        ID: 00000000000000000000000000000000
 |   |-  ParentID: 00000000000000000000000000000000
 |   |-    Bounds: IsValid=false, Min=(X=0.000 Y=0.000 Z=0.000), Max=(X=0.000 Y=0.000 Z=0.000)
 |   |- Transform: 0.000000,0.000000,0.000000|0.000000,0.000000,-0.000000|1.000000,1.000000,1.000000
 |   |- Container: /Game/TopDown/Maps/GraveYardDungeon
----------------------------------------------------------------------------------------------------------------
GraveYardDungeon - Persistent Level
----------------------------------------------------------------------------------------------------------------
[+] Content of GraveYardDungeon Persistent Level
 |- Always loaded Actor Count: 15 
 |- Actor Path: /Game/TopDown/Maps/GraveYardDungeon.GraveYardDungeon:PersistentLevel.BP_ItemPickup_C_UAID_085BD682C9E9092002_1580349873
 |- Actor Package: /Game/__ExternalActors__/TopDown/Maps/GraveYardDungeon/A/ZI/PSV4Z4N0NPAZ0JZUZOPWOR
 |- Actor Path: /Game/TopDown/Maps/GraveYardDungeon.GraveYardDungeon:PersistentLevel.Dungeon_Generator_C_UAID_085BD682C9E90C2402_1948679623
 |- Actor Package: /Game/__ExternalActors__/TopDown/Maps/GraveYardDungeon/F/30/LFQYAB5ZOGADNK5BKON2OV
 |- Actor Path: /Game/TopDown/Maps/GraveYardDungeon.GraveYardDungeon:PersistentLevel.NavMeshBoundsVolume_1
 |- Actor Package: /Game/__ExternalActors__/TopDown/Maps/GraveYardDungeon/5/9E/4TZV8ZIF68BAUVLU2UI0ZI
 |- Actor Path: /Game/TopDown/Maps/GraveYardDungeon.GraveYardDungeon:PersistentLevel.PlayerStart_0
 |- Actor Package: /Game/__ExternalActors__/TopDown/Maps/GraveYardDungeon/7/AP/XG7CS52I74FDZE8INF8B2O
 |- Actor Path: /Game/TopDown/Maps/GraveYardDungeon.GraveYardDungeon:PersistentLevel.PostProcessVolume_1
 |- Actor Package: /Game/__ExternalActors__/TopDown/Maps/GraveYardDungeon/2/5W/DHIL07PB9DQ8IVGS9JDMOL
 |- Actor Path: /Game/TopDown/Maps/GraveYardDungeon.GraveYardDungeon:PersistentLevel.RadioInteractStations_C_UAID_085BD682C9E9B72F02_1873927383
 |- Actor Package: /Game/__ExternalActors__/TopDown/Maps/GraveYardDungeon/C/MT/2K5FUI6NZIJW292FK2RBZD
 |- Actor Path: /Game/TopDown/Maps/GraveYardDungeon.GraveYardDungeon:PersistentLevel.SkyLight_1
 |- Actor Package: /Game/__ExternalActors__/TopDown/Maps/GraveYardDungeon/3/E8/BZ5A1RB29SYC07V45LI5IX
 |- Actor Path: /Game/TopDown/Maps/GraveYardDungeon.GraveYardDungeon:PersistentLevel.StaticMeshActor_UAID_085BD682C9E9A72002_1675416679
 |- Actor Package: /Game/__ExternalActors__/TopDown/Maps/GraveYardDungeon/F/2V/P4NNWMDZJ1LQJB31ZO4JR4
 |- Actor Path: /Game/TopDown/Maps/GraveYardDungeon.GraveYardDungeon:PersistentLevel.StaticMeshActor_UAID_085BD682C9E9B22F02_1130879489
 |- Actor Package: /Game/__ExternalActors__/TopDown/Maps/GraveYardDungeon/1/8X/NE6JAPLHPLTASPUL10UT57
 |- Actor Path: /Game/TopDown/Maps/GraveYardDungeon.GraveYardDungeon:PersistentLevel.StaticMeshActor_UAID_085BD682C9E9B22F02_1201464490
 |- Actor Package: /Game/__ExternalActors__/TopDown/Maps/GraveYardDungeon/6/5Y/NCCREUUSLKGR939CODIP8P
 |- Actor Path: /Game/TopDown/Maps/GraveYardDungeon.GraveYardDungeon:PersistentLevel.StaticMeshActor_UAID_085BD682C9E9B22F02_1222688491
 |- Actor Package: /Game/__ExternalActors__/TopDown/Maps/GraveYardDungeon/3/RA/YXITVJV1Y4D6HGK1SY4KVS
 |- Actor Path: /Game/TopDown/Maps/GraveYardDungeon.GraveYardDungeon:PersistentLevel.StaticMeshActor_UAID_085BD682C9E9B22F02_1222693492
 |- Actor Package: /Game/__ExternalActors__/TopDown/Maps/GraveYardDungeon/7/ZD/ZTNGEKRU85S15WCXP3T9CN
 |- Actor Path: /Game/TopDown/Maps/GraveYardDungeon.GraveYardDungeon:PersistentLevel.StaticMeshActor_UAID_085BD682C9E9B22F02_1310951493
 |- Actor Package: /Game/__ExternalActors__/TopDown/Maps/GraveYardDungeon/0/G5/RKXYCZLE4OLSQ1SKLVKQLD
 |- Actor Path: /Game/TopDown/Maps/GraveYardDungeon.GraveYardDungeon:PersistentLevel.TextRenderActor_0
 |- Actor Package: /Game/__ExternalActors__/TopDown/Maps/GraveYardDungeon/E/SY/WQY69IR37115N8LL4084Q6
 |- Actor Path: /Game/TopDown/Maps/GraveYardDungeon.GraveYardDungeon:PersistentLevel.WorldDataLayers
 |- Actor Package: /Game/__ExternalActors__/TopDown/Maps/GraveYardDungeon/E/12/BYOB8F4EARU3UIDT944IAW

----------------------------------------------------------------------------------------------------------------
GraveYardDungeon - Runtime Hash Set
----------------------------------------------------------------------------------------------------------------

